ERROR - 2026-05-04 05:56:49 --> Error connecting to the database: mysqli_sql_exception: Access denied for user ''@'localhost' (using password: NO) in C:\xampp\htdocs\codeigniter4-framework-b3359be\system\Database\MySQLi\Connection.php:201
Stack trace:
#0 C:\xampp\htdocs\codeigniter4-framework-b3359be\system\Database\MySQLi\Connection.php(201): mysqli->real_connect('localhost', '', Object(SensitiveParameterValue), '', 3306, '', 0)
#1 C:\xampp\htdocs\codeigniter4-framework-b3359be\system\Database\BaseConnection.php(555): CodeIgniter\Database\MySQLi\Connection->connect(false)
#2 C:\xampp\htdocs\codeigniter4-framework-b3359be\system\Database\BaseConnection.php(795): CodeIgniter\Database\BaseConnection->initialize()
#3 C:\xampp\htdocs\codeigniter4-framework-b3359be\system\Database\BaseBuilder.php(1649): CodeIgniter\Database\BaseConnection->query('SELECT *\nFROM `...', Array, false)
#4 C:\xampp\htdocs\codeigniter4-framework-b3359be\system\Model.php(295): CodeIgniter\Database\BaseBuilder->get()
#5 C:\xampp\htdocs\codeigniter4-framework-b3359be\system\BaseModel.php(714): CodeIgniter\Model->doFirst()
#6 C:\xampp\htdocs\codeigniter4-framework-b3359be\app\Controllers\Auth.php(25): CodeIgniter\BaseModel->first()
#7 C:\xampp\htdocs\codeigniter4-framework-b3359be\system\CodeIgniter.php(951): App\Controllers\Auth->processLogin()
#8 C:\xampp\htdocs\codeigniter4-framework-b3359be\system\CodeIgniter.php(497): CodeIgniter\CodeIgniter->runController(Object(App\Controllers\Auth))
#9 C:\xampp\htdocs\codeigniter4-framework-b3359be\system\CodeIgniter.php(340): CodeIgniter\CodeIgniter->handleRequest(NULL, Object(Config\Cache), false)
#10 C:\xampp\htdocs\codeigniter4-framework-b3359be\system\Boot.php(417): CodeIgniter\CodeIgniter->run()
#11 C:\xampp\htdocs\codeigniter4-framework-b3359be\system\Boot.php(68): CodeIgniter\Boot::runCodeIgniter(Object(CodeIgniter\CodeIgniter))
#12 C:\xampp\htdocs\codeigniter4-framework-b3359be\public\index.php(59): CodeIgniter\Boot::bootWeb(Object(Config\Paths))
#13 C:\xampp\htdocs\codeigniter4-framework-b3359be\system\rewrite.php(44): require_once('C:\\xampp\\htdocs...')
#14 {main}

Next CodeIgniter\Database\Exceptions\DatabaseException: Access denied for user ''@'localhost' (using password: NO) in C:\xampp\htdocs\codeigniter4-framework-b3359be\system\Database\MySQLi\Connection.php:231
Stack trace:
#0 C:\xampp\htdocs\codeigniter4-framework-b3359be\system\Database\BaseConnection.php(555): CodeIgniter\Database\MySQLi\Connection->connect(false)
#1 C:\xampp\htdocs\codeigniter4-framework-b3359be\system\Database\BaseConnection.php(795): CodeIgniter\Database\BaseConnection->initialize()
#2 C:\xampp\htdocs\codeigniter4-framework-b3359be\system\Database\BaseBuilder.php(1649): CodeIgniter\Database\BaseConnection->query('SELECT *\nFROM `...', Array, false)
#3 C:\xampp\htdocs\codeigniter4-framework-b3359be\system\Model.php(295): CodeIgniter\Database\BaseBuilder->get()
#4 C:\xampp\htdocs\codeigniter4-framework-b3359be\system\BaseModel.php(714): CodeIgniter\Model->doFirst()
#5 C:\xampp\htdocs\codeigniter4-framework-b3359be\app\Controllers\Auth.php(25): CodeIgniter\BaseModel->first()
#6 C:\xampp\htdocs\codeigniter4-framework-b3359be\system\CodeIgniter.php(951): App\Controllers\Auth->processLogin()
#7 C:\xampp\htdocs\codeigniter4-framework-b3359be\system\CodeIgniter.php(497): CodeIgniter\CodeIgniter->runController(Object(App\Controllers\Auth))
#8 C:\xampp\htdocs\codeigniter4-framework-b3359be\system\CodeIgniter.php(340): CodeIgniter\CodeIgniter->handleRequest(NULL, Object(Config\Cache), false)
#9 C:\xampp\htdocs\codeigniter4-framework-b3359be\system\Boot.php(417): CodeIgniter\CodeIgniter->run()
#10 C:\xampp\htdocs\codeigniter4-framework-b3359be\system\Boot.php(68): CodeIgniter\Boot::runCodeIgniter(Object(CodeIgniter\CodeIgniter))
#11 C:\xampp\htdocs\codeigniter4-framework-b3359be\public\index.php(59): CodeIgniter\Boot::bootWeb(Object(Config\Paths))
#12 C:\xampp\htdocs\codeigniter4-framework-b3359be\system\rewrite.php(44): require_once('C:\\xampp\\htdocs...')
#13 {main}
CRITICAL - 2026-05-04 05:56:49 --> CodeIgniter\Database\Exceptions\DatabaseException: Unable to connect to the database.
Main connection [MySQLi]: Access denied for user ''@'localhost' (using password: NO)
[Method: POST, Route: login/process]
in SYSTEMPATH\Database\BaseConnection.php on line 606.
 1 SYSTEMPATH\Database\BaseConnection.php(795): CodeIgniter\Database\BaseConnection->initialize()
 2 SYSTEMPATH\Database\BaseBuilder.php(1649): CodeIgniter\Database\BaseConnection->query('SELECT *
FROM `users`
WHERE `email` = :email:
OR `username` = :username:
 LIMIT 1', [...], false)
 3 SYSTEMPATH\Model.php(295): CodeIgniter\Database\BaseBuilder->get()
 4 SYSTEMPATH\BaseModel.php(714): CodeIgniter\Model->doFirst()
 5 APPPATH\Controllers\Auth.php(25): CodeIgniter\BaseModel->first()
 6 SYSTEMPATH\CodeIgniter.php(951): App\Controllers\Auth->processLogin()
 7 SYSTEMPATH\CodeIgniter.php(497): CodeIgniter\CodeIgniter->runController(Object(App\Controllers\Auth))
 8 SYSTEMPATH\CodeIgniter.php(340): CodeIgniter\CodeIgniter->handleRequest(null, Object(Config\Cache), false)
 9 SYSTEMPATH\Boot.php(417): CodeIgniter\CodeIgniter->run()
10 SYSTEMPATH\Boot.php(68): CodeIgniter\Boot::runCodeIgniter(Object(CodeIgniter\CodeIgniter))
11 FCPATH\index.php(59): CodeIgniter\Boot::bootWeb(Object(Config\Paths))
12 SYSTEMPATH\rewrite.php(44): require_once('C:\\xampp\\htdocs\\codeigniter4-framework-b3359be\\public\\index.php')
ERROR - 2026-05-04 05:57:09 --> Error connecting to the database: mysqli_sql_exception: Access denied for user ''@'localhost' (using password: NO) in C:\xampp\htdocs\codeigniter4-framework-b3359be\system\Database\MySQLi\Connection.php:201
Stack trace:
#0 C:\xampp\htdocs\codeigniter4-framework-b3359be\system\Database\MySQLi\Connection.php(201): mysqli->real_connect('localhost', '', Object(SensitiveParameterValue), '', 3306, '', 0)
#1 C:\xampp\htdocs\codeigniter4-framework-b3359be\system\Database\BaseConnection.php(555): CodeIgniter\Database\MySQLi\Connection->connect(false)
#2 C:\xampp\htdocs\codeigniter4-framework-b3359be\system\Database\BaseConnection.php(795): CodeIgniter\Database\BaseConnection->initialize()
#3 C:\xampp\htdocs\codeigniter4-framework-b3359be\system\Database\BaseBuilder.php(1649): CodeIgniter\Database\BaseConnection->query('SELECT *\nFROM `...', Array, false)
#4 C:\xampp\htdocs\codeigniter4-framework-b3359be\system\Model.php(295): CodeIgniter\Database\BaseBuilder->get()
#5 C:\xampp\htdocs\codeigniter4-framework-b3359be\system\BaseModel.php(714): CodeIgniter\Model->doFirst()
#6 C:\xampp\htdocs\codeigniter4-framework-b3359be\app\Controllers\Auth.php(25): CodeIgniter\BaseModel->first()
#7 C:\xampp\htdocs\codeigniter4-framework-b3359be\system\CodeIgniter.php(951): App\Controllers\Auth->processLogin()
#8 C:\xampp\htdocs\codeigniter4-framework-b3359be\system\CodeIgniter.php(497): CodeIgniter\CodeIgniter->runController(Object(App\Controllers\Auth))
#9 C:\xampp\htdocs\codeigniter4-framework-b3359be\system\CodeIgniter.php(340): CodeIgniter\CodeIgniter->handleRequest(NULL, Object(Config\Cache), false)
#10 C:\xampp\htdocs\codeigniter4-framework-b3359be\system\Boot.php(417): CodeIgniter\CodeIgniter->run()
#11 C:\xampp\htdocs\codeigniter4-framework-b3359be\system\Boot.php(68): CodeIgniter\Boot::runCodeIgniter(Object(CodeIgniter\CodeIgniter))
#12 C:\xampp\htdocs\codeigniter4-framework-b3359be\public\index.php(59): CodeIgniter\Boot::bootWeb(Object(Config\Paths))
#13 C:\xampp\htdocs\codeigniter4-framework-b3359be\system\rewrite.php(44): require_once('C:\\xampp\\htdocs...')
#14 {main}

Next CodeIgniter\Database\Exceptions\DatabaseException: Access denied for user ''@'localhost' (using password: NO) in C:\xampp\htdocs\codeigniter4-framework-b3359be\system\Database\MySQLi\Connection.php:231
Stack trace:
#0 C:\xampp\htdocs\codeigniter4-framework-b3359be\system\Database\BaseConnection.php(555): CodeIgniter\Database\MySQLi\Connection->connect(false)
#1 C:\xampp\htdocs\codeigniter4-framework-b3359be\system\Database\BaseConnection.php(795): CodeIgniter\Database\BaseConnection->initialize()
#2 C:\xampp\htdocs\codeigniter4-framework-b3359be\system\Database\BaseBuilder.php(1649): CodeIgniter\Database\BaseConnection->query('SELECT *\nFROM `...', Array, false)
#3 C:\xampp\htdocs\codeigniter4-framework-b3359be\system\Model.php(295): CodeIgniter\Database\BaseBuilder->get()
#4 C:\xampp\htdocs\codeigniter4-framework-b3359be\system\BaseModel.php(714): CodeIgniter\Model->doFirst()
#5 C:\xampp\htdocs\codeigniter4-framework-b3359be\app\Controllers\Auth.php(25): CodeIgniter\BaseModel->first()
#6 C:\xampp\htdocs\codeigniter4-framework-b3359be\system\CodeIgniter.php(951): App\Controllers\Auth->processLogin()
#7 C:\xampp\htdocs\codeigniter4-framework-b3359be\system\CodeIgniter.php(497): CodeIgniter\CodeIgniter->runController(Object(App\Controllers\Auth))
#8 C:\xampp\htdocs\codeigniter4-framework-b3359be\system\CodeIgniter.php(340): CodeIgniter\CodeIgniter->handleRequest(NULL, Object(Config\Cache), false)
#9 C:\xampp\htdocs\codeigniter4-framework-b3359be\system\Boot.php(417): CodeIgniter\CodeIgniter->run()
#10 C:\xampp\htdocs\codeigniter4-framework-b3359be\system\Boot.php(68): CodeIgniter\Boot::runCodeIgniter(Object(CodeIgniter\CodeIgniter))
#11 C:\xampp\htdocs\codeigniter4-framework-b3359be\public\index.php(59): CodeIgniter\Boot::bootWeb(Object(Config\Paths))
#12 C:\xampp\htdocs\codeigniter4-framework-b3359be\system\rewrite.php(44): require_once('C:\\xampp\\htdocs...')
#13 {main}
CRITICAL - 2026-05-04 05:57:09 --> CodeIgniter\Database\Exceptions\DatabaseException: Unable to connect to the database.
Main connection [MySQLi]: Access denied for user ''@'localhost' (using password: NO)
[Method: POST, Route: login/process]
in SYSTEMPATH\Database\BaseConnection.php on line 606.
 1 SYSTEMPATH\Database\BaseConnection.php(795): CodeIgniter\Database\BaseConnection->initialize()
 2 SYSTEMPATH\Database\BaseBuilder.php(1649): CodeIgniter\Database\BaseConnection->query('SELECT *
FROM `users`
WHERE `email` = :email:
OR `username` = :username:
 LIMIT 1', [...], false)
 3 SYSTEMPATH\Model.php(295): CodeIgniter\Database\BaseBuilder->get()
 4 SYSTEMPATH\BaseModel.php(714): CodeIgniter\Model->doFirst()
 5 APPPATH\Controllers\Auth.php(25): CodeIgniter\BaseModel->first()
 6 SYSTEMPATH\CodeIgniter.php(951): App\Controllers\Auth->processLogin()
 7 SYSTEMPATH\CodeIgniter.php(497): CodeIgniter\CodeIgniter->runController(Object(App\Controllers\Auth))
 8 SYSTEMPATH\CodeIgniter.php(340): CodeIgniter\CodeIgniter->handleRequest(null, Object(Config\Cache), false)
 9 SYSTEMPATH\Boot.php(417): CodeIgniter\CodeIgniter->run()
10 SYSTEMPATH\Boot.php(68): CodeIgniter\Boot::runCodeIgniter(Object(CodeIgniter\CodeIgniter))
11 FCPATH\index.php(59): CodeIgniter\Boot::bootWeb(Object(Config\Paths))
12 SYSTEMPATH\rewrite.php(44): require_once('C:\\xampp\\htdocs\\codeigniter4-framework-b3359be\\public\\index.php')
ERROR - 2026-05-04 05:58:07 --> Error connecting to the database: mysqli_sql_exception: Access denied for user ''@'localhost' (using password: NO) in C:\xampp\htdocs\codeigniter4-framework-b3359be\system\Database\MySQLi\Connection.php:201
Stack trace:
#0 C:\xampp\htdocs\codeigniter4-framework-b3359be\system\Database\MySQLi\Connection.php(201): mysqli->real_connect('localhost', '', Object(SensitiveParameterValue), '', 3306, '', 0)
#1 C:\xampp\htdocs\codeigniter4-framework-b3359be\system\Database\BaseConnection.php(555): CodeIgniter\Database\MySQLi\Connection->connect(false)
#2 C:\xampp\htdocs\codeigniter4-framework-b3359be\system\Database\BaseConnection.php(795): CodeIgniter\Database\BaseConnection->initialize()
#3 C:\xampp\htdocs\codeigniter4-framework-b3359be\system\Database\BaseBuilder.php(1649): CodeIgniter\Database\BaseConnection->query('SELECT *\nFROM `...', Array, false)
#4 C:\xampp\htdocs\codeigniter4-framework-b3359be\system\Model.php(295): CodeIgniter\Database\BaseBuilder->get()
#5 C:\xampp\htdocs\codeigniter4-framework-b3359be\system\BaseModel.php(714): CodeIgniter\Model->doFirst()
#6 C:\xampp\htdocs\codeigniter4-framework-b3359be\app\Controllers\Auth.php(25): CodeIgniter\BaseModel->first()
#7 C:\xampp\htdocs\codeigniter4-framework-b3359be\system\CodeIgniter.php(951): App\Controllers\Auth->processLogin()
#8 C:\xampp\htdocs\codeigniter4-framework-b3359be\system\CodeIgniter.php(497): CodeIgniter\CodeIgniter->runController(Object(App\Controllers\Auth))
#9 C:\xampp\htdocs\codeigniter4-framework-b3359be\system\CodeIgniter.php(340): CodeIgniter\CodeIgniter->handleRequest(NULL, Object(Config\Cache), false)
#10 C:\xampp\htdocs\codeigniter4-framework-b3359be\system\Boot.php(417): CodeIgniter\CodeIgniter->run()
#11 C:\xampp\htdocs\codeigniter4-framework-b3359be\system\Boot.php(68): CodeIgniter\Boot::runCodeIgniter(Object(CodeIgniter\CodeIgniter))
#12 C:\xampp\htdocs\codeigniter4-framework-b3359be\public\index.php(59): CodeIgniter\Boot::bootWeb(Object(Config\Paths))
#13 C:\xampp\htdocs\codeigniter4-framework-b3359be\system\rewrite.php(44): require_once('C:\\xampp\\htdocs...')
#14 {main}

Next CodeIgniter\Database\Exceptions\DatabaseException: Access denied for user ''@'localhost' (using password: NO) in C:\xampp\htdocs\codeigniter4-framework-b3359be\system\Database\MySQLi\Connection.php:231
Stack trace:
#0 C:\xampp\htdocs\codeigniter4-framework-b3359be\system\Database\BaseConnection.php(555): CodeIgniter\Database\MySQLi\Connection->connect(false)
#1 C:\xampp\htdocs\codeigniter4-framework-b3359be\system\Database\BaseConnection.php(795): CodeIgniter\Database\BaseConnection->initialize()
#2 C:\xampp\htdocs\codeigniter4-framework-b3359be\system\Database\BaseBuilder.php(1649): CodeIgniter\Database\BaseConnection->query('SELECT *\nFROM `...', Array, false)
#3 C:\xampp\htdocs\codeigniter4-framework-b3359be\system\Model.php(295): CodeIgniter\Database\BaseBuilder->get()
#4 C:\xampp\htdocs\codeigniter4-framework-b3359be\system\BaseModel.php(714): CodeIgniter\Model->doFirst()
#5 C:\xampp\htdocs\codeigniter4-framework-b3359be\app\Controllers\Auth.php(25): CodeIgniter\BaseModel->first()
#6 C:\xampp\htdocs\codeigniter4-framework-b3359be\system\CodeIgniter.php(951): App\Controllers\Auth->processLogin()
#7 C:\xampp\htdocs\codeigniter4-framework-b3359be\system\CodeIgniter.php(497): CodeIgniter\CodeIgniter->runController(Object(App\Controllers\Auth))
#8 C:\xampp\htdocs\codeigniter4-framework-b3359be\system\CodeIgniter.php(340): CodeIgniter\CodeIgniter->handleRequest(NULL, Object(Config\Cache), false)
#9 C:\xampp\htdocs\codeigniter4-framework-b3359be\system\Boot.php(417): CodeIgniter\CodeIgniter->run()
#10 C:\xampp\htdocs\codeigniter4-framework-b3359be\system\Boot.php(68): CodeIgniter\Boot::runCodeIgniter(Object(CodeIgniter\CodeIgniter))
#11 C:\xampp\htdocs\codeigniter4-framework-b3359be\public\index.php(59): CodeIgniter\Boot::bootWeb(Object(Config\Paths))
#12 C:\xampp\htdocs\codeigniter4-framework-b3359be\system\rewrite.php(44): require_once('C:\\xampp\\htdocs...')
#13 {main}
CRITICAL - 2026-05-04 05:58:07 --> CodeIgniter\Database\Exceptions\DatabaseException: Unable to connect to the database.
Main connection [MySQLi]: Access denied for user ''@'localhost' (using password: NO)
[Method: POST, Route: login/process]
in SYSTEMPATH\Database\BaseConnection.php on line 606.
 1 SYSTEMPATH\Database\BaseConnection.php(795): CodeIgniter\Database\BaseConnection->initialize()
 2 SYSTEMPATH\Database\BaseBuilder.php(1649): CodeIgniter\Database\BaseConnection->query('SELECT *
FROM `users`
WHERE `email` = :email:
OR `username` = :username:
 LIMIT 1', [...], false)
 3 SYSTEMPATH\Model.php(295): CodeIgniter\Database\BaseBuilder->get()
 4 SYSTEMPATH\BaseModel.php(714): CodeIgniter\Model->doFirst()
 5 APPPATH\Controllers\Auth.php(25): CodeIgniter\BaseModel->first()
 6 SYSTEMPATH\CodeIgniter.php(951): App\Controllers\Auth->processLogin()
 7 SYSTEMPATH\CodeIgniter.php(497): CodeIgniter\CodeIgniter->runController(Object(App\Controllers\Auth))
 8 SYSTEMPATH\CodeIgniter.php(340): CodeIgniter\CodeIgniter->handleRequest(null, Object(Config\Cache), false)
 9 SYSTEMPATH\Boot.php(417): CodeIgniter\CodeIgniter->run()
10 SYSTEMPATH\Boot.php(68): CodeIgniter\Boot::runCodeIgniter(Object(CodeIgniter\CodeIgniter))
11 FCPATH\index.php(59): CodeIgniter\Boot::bootWeb(Object(Config\Paths))
12 SYSTEMPATH\rewrite.php(44): require_once('C:\\xampp\\htdocs\\codeigniter4-framework-b3359be\\public\\index.php')
ERROR - 2026-05-04 06:25:16 --> Error connecting to the database: mysqli_sql_exception: Access denied for user ''@'localhost' (using password: NO) in C:\xampp\htdocs\codeigniter4-framework-b3359be\system\Database\MySQLi\Connection.php:201
Stack trace:
#0 C:\xampp\htdocs\codeigniter4-framework-b3359be\system\Database\MySQLi\Connection.php(201): mysqli->real_connect('localhost', '', Object(SensitiveParameterValue), '', 3306, '', 0)
#1 C:\xampp\htdocs\codeigniter4-framework-b3359be\system\Database\BaseConnection.php(555): CodeIgniter\Database\MySQLi\Connection->connect(false)
#2 C:\xampp\htdocs\codeigniter4-framework-b3359be\system\Database\BaseConnection.php(795): CodeIgniter\Database\BaseConnection->initialize()
#3 C:\xampp\htdocs\codeigniter4-framework-b3359be\system\Database\BaseBuilder.php(1649): CodeIgniter\Database\BaseConnection->query('SELECT *\nFROM `...', Array, false)
#4 C:\xampp\htdocs\codeigniter4-framework-b3359be\system\Model.php(295): CodeIgniter\Database\BaseBuilder->get()
#5 C:\xampp\htdocs\codeigniter4-framework-b3359be\system\BaseModel.php(714): CodeIgniter\Model->doFirst()
#6 C:\xampp\htdocs\codeigniter4-framework-b3359be\app\Controllers\Auth.php(25): CodeIgniter\BaseModel->first()
#7 C:\xampp\htdocs\codeigniter4-framework-b3359be\system\CodeIgniter.php(951): App\Controllers\Auth->processLogin()
#8 C:\xampp\htdocs\codeigniter4-framework-b3359be\system\CodeIgniter.php(497): CodeIgniter\CodeIgniter->runController(Object(App\Controllers\Auth))
#9 C:\xampp\htdocs\codeigniter4-framework-b3359be\system\CodeIgniter.php(340): CodeIgniter\CodeIgniter->handleRequest(NULL, Object(Config\Cache), false)
#10 C:\xampp\htdocs\codeigniter4-framework-b3359be\system\Boot.php(417): CodeIgniter\CodeIgniter->run()
#11 C:\xampp\htdocs\codeigniter4-framework-b3359be\system\Boot.php(68): CodeIgniter\Boot::runCodeIgniter(Object(CodeIgniter\CodeIgniter))
#12 C:\xampp\htdocs\codeigniter4-framework-b3359be\public\index.php(59): CodeIgniter\Boot::bootWeb(Object(Config\Paths))
#13 C:\xampp\htdocs\codeigniter4-framework-b3359be\system\rewrite.php(44): require_once('C:\\xampp\\htdocs...')
#14 {main}

Next CodeIgniter\Database\Exceptions\DatabaseException: Access denied for user ''@'localhost' (using password: NO) in C:\xampp\htdocs\codeigniter4-framework-b3359be\system\Database\MySQLi\Connection.php:231
Stack trace:
#0 C:\xampp\htdocs\codeigniter4-framework-b3359be\system\Database\BaseConnection.php(555): CodeIgniter\Database\MySQLi\Connection->connect(false)
#1 C:\xampp\htdocs\codeigniter4-framework-b3359be\system\Database\BaseConnection.php(795): CodeIgniter\Database\BaseConnection->initialize()
#2 C:\xampp\htdocs\codeigniter4-framework-b3359be\system\Database\BaseBuilder.php(1649): CodeIgniter\Database\BaseConnection->query('SELECT *\nFROM `...', Array, false)
#3 C:\xampp\htdocs\codeigniter4-framework-b3359be\system\Model.php(295): CodeIgniter\Database\BaseBuilder->get()
#4 C:\xampp\htdocs\codeigniter4-framework-b3359be\system\BaseModel.php(714): CodeIgniter\Model->doFirst()
#5 C:\xampp\htdocs\codeigniter4-framework-b3359be\app\Controllers\Auth.php(25): CodeIgniter\BaseModel->first()
#6 C:\xampp\htdocs\codeigniter4-framework-b3359be\system\CodeIgniter.php(951): App\Controllers\Auth->processLogin()
#7 C:\xampp\htdocs\codeigniter4-framework-b3359be\system\CodeIgniter.php(497): CodeIgniter\CodeIgniter->runController(Object(App\Controllers\Auth))
#8 C:\xampp\htdocs\codeigniter4-framework-b3359be\system\CodeIgniter.php(340): CodeIgniter\CodeIgniter->handleRequest(NULL, Object(Config\Cache), false)
#9 C:\xampp\htdocs\codeigniter4-framework-b3359be\system\Boot.php(417): CodeIgniter\CodeIgniter->run()
#10 C:\xampp\htdocs\codeigniter4-framework-b3359be\system\Boot.php(68): CodeIgniter\Boot::runCodeIgniter(Object(CodeIgniter\CodeIgniter))
#11 C:\xampp\htdocs\codeigniter4-framework-b3359be\public\index.php(59): CodeIgniter\Boot::bootWeb(Object(Config\Paths))
#12 C:\xampp\htdocs\codeigniter4-framework-b3359be\system\rewrite.php(44): require_once('C:\\xampp\\htdocs...')
#13 {main}
CRITICAL - 2026-05-04 06:25:16 --> CodeIgniter\Database\Exceptions\DatabaseException: Unable to connect to the database.
Main connection [MySQLi]: Access denied for user ''@'localhost' (using password: NO)
[Method: POST, Route: login/process]
in SYSTEMPATH\Database\BaseConnection.php on line 606.
 1 SYSTEMPATH\Database\BaseConnection.php(795): CodeIgniter\Database\BaseConnection->initialize()
 2 SYSTEMPATH\Database\BaseBuilder.php(1649): CodeIgniter\Database\BaseConnection->query('SELECT *
FROM `users`
WHERE `email` = :email:
OR `username` = :username:
 LIMIT 1', [...], false)
 3 SYSTEMPATH\Model.php(295): CodeIgniter\Database\BaseBuilder->get()
 4 SYSTEMPATH\BaseModel.php(714): CodeIgniter\Model->doFirst()
 5 APPPATH\Controllers\Auth.php(25): CodeIgniter\BaseModel->first()
 6 SYSTEMPATH\CodeIgniter.php(951): App\Controllers\Auth->processLogin()
 7 SYSTEMPATH\CodeIgniter.php(497): CodeIgniter\CodeIgniter->runController(Object(App\Controllers\Auth))
 8 SYSTEMPATH\CodeIgniter.php(340): CodeIgniter\CodeIgniter->handleRequest(null, Object(Config\Cache), false)
 9 SYSTEMPATH\Boot.php(417): CodeIgniter\CodeIgniter->run()
10 SYSTEMPATH\Boot.php(68): CodeIgniter\Boot::runCodeIgniter(Object(CodeIgniter\CodeIgniter))
11 FCPATH\index.php(59): CodeIgniter\Boot::bootWeb(Object(Config\Paths))
12 SYSTEMPATH\rewrite.php(44): require_once('C:\\xampp\\htdocs\\codeigniter4-framework-b3359be\\public\\index.php')
CRITICAL - 2026-05-04 07:23:26 --> InvalidArgumentException: URI must be a string or UriInterface
[Method: GET, Route: auth/google]
in VENDORPATH\guzzlehttp\psr7\src\Utils.php on line 475.
 1 VENDORPATH\google\auth\src\OAuth2.php(1710): GuzzleHttp\Psr7\Utils::uriFor(false)
 2 VENDORPATH\google\auth\src\OAuth2.php(1807): Google\Auth\OAuth2->coerceUri(false)
 3 VENDORPATH\google\auth\src\OAuth2.php(1012): Google\Auth\OAuth2->isAbsoluteUri(false)
 4 VENDORPATH\google\auth\src\OAuth2.php(453): Google\Auth\OAuth2->setRedirectUri(false)
 5 VENDORPATH\google\apiclient\src\Client.php(1125): Google\Auth\OAuth2->__construct([...])
 6 VENDORPATH\google\apiclient\src\Client.php(1114): Google\Client->createOAuth2Service()
 7 VENDORPATH\google\apiclient\src\Client.php(450): Google\Client->getOAuth2Service()
 8 APPPATH\Controllers\Auth.php(61): Google\Client->createAuthUrl()
 9 SYSTEMPATH\CodeIgniter.php(951): App\Controllers\Auth->googleLogin()
10 SYSTEMPATH\CodeIgniter.php(497): CodeIgniter\CodeIgniter->runController(Object(App\Controllers\Auth))
11 SYSTEMPATH\CodeIgniter.php(340): CodeIgniter\CodeIgniter->handleRequest(null, Object(Config\Cache), false)
12 SYSTEMPATH\Boot.php(417): CodeIgniter\CodeIgniter->run()
13 SYSTEMPATH\Boot.php(68): CodeIgniter\Boot::runCodeIgniter(Object(CodeIgniter\CodeIgniter))
14 FCPATH\index.php(59): CodeIgniter\Boot::bootWeb(Object(Config\Paths))
15 SYSTEMPATH\rewrite.php(44): require_once('C:\\xampp\\htdocs\\codeigniter4-framework-b3359be\\public\\index.php')
CRITICAL - 2026-05-04 07:23:35 --> InvalidArgumentException: URI must be a string or UriInterface
[Method: GET, Route: auth/google]
in VENDORPATH\guzzlehttp\psr7\src\Utils.php on line 475.
 1 VENDORPATH\google\auth\src\OAuth2.php(1710): GuzzleHttp\Psr7\Utils::uriFor(false)
 2 VENDORPATH\google\auth\src\OAuth2.php(1807): Google\Auth\OAuth2->coerceUri(false)
 3 VENDORPATH\google\auth\src\OAuth2.php(1012): Google\Auth\OAuth2->isAbsoluteUri(false)
 4 VENDORPATH\google\auth\src\OAuth2.php(453): Google\Auth\OAuth2->setRedirectUri(false)
 5 VENDORPATH\google\apiclient\src\Client.php(1125): Google\Auth\OAuth2->__construct([...])
 6 VENDORPATH\google\apiclient\src\Client.php(1114): Google\Client->createOAuth2Service()
 7 VENDORPATH\google\apiclient\src\Client.php(450): Google\Client->getOAuth2Service()
 8 APPPATH\Controllers\Auth.php(61): Google\Client->createAuthUrl()
 9 SYSTEMPATH\CodeIgniter.php(951): App\Controllers\Auth->googleLogin()
10 SYSTEMPATH\CodeIgniter.php(497): CodeIgniter\CodeIgniter->runController(Object(App\Controllers\Auth))
11 SYSTEMPATH\CodeIgniter.php(340): CodeIgniter\CodeIgniter->handleRequest(null, Object(Config\Cache), false)
12 SYSTEMPATH\Boot.php(417): CodeIgniter\CodeIgniter->run()
13 SYSTEMPATH\Boot.php(68): CodeIgniter\Boot::runCodeIgniter(Object(CodeIgniter\CodeIgniter))
14 FCPATH\index.php(59): CodeIgniter\Boot::bootWeb(Object(Config\Paths))
15 SYSTEMPATH\rewrite.php(44): require_once('C:\\xampp\\htdocs\\codeigniter4-framework-b3359be\\public\\index.php')
CRITICAL - 2026-05-04 07:26:52 --> InvalidArgumentException: URI must be a string or UriInterface
[Method: GET, Route: auth/google]
in VENDORPATH\guzzlehttp\psr7\src\Utils.php on line 475.
 1 VENDORPATH\google\auth\src\OAuth2.php(1710): GuzzleHttp\Psr7\Utils::uriFor(false)
 2 VENDORPATH\google\auth\src\OAuth2.php(1807): Google\Auth\OAuth2->coerceUri(false)
 3 VENDORPATH\google\auth\src\OAuth2.php(1012): Google\Auth\OAuth2->isAbsoluteUri(false)
 4 VENDORPATH\google\auth\src\OAuth2.php(453): Google\Auth\OAuth2->setRedirectUri(false)
 5 VENDORPATH\google\apiclient\src\Client.php(1125): Google\Auth\OAuth2->__construct([...])
 6 VENDORPATH\google\apiclient\src\Client.php(1114): Google\Client->createOAuth2Service()
 7 VENDORPATH\google\apiclient\src\Client.php(450): Google\Client->getOAuth2Service()
 8 APPPATH\Controllers\Auth.php(61): Google\Client->createAuthUrl()
 9 SYSTEMPATH\CodeIgniter.php(951): App\Controllers\Auth->googleLogin()
10 SYSTEMPATH\CodeIgniter.php(497): CodeIgniter\CodeIgniter->runController(Object(App\Controllers\Auth))
11 SYSTEMPATH\CodeIgniter.php(340): CodeIgniter\CodeIgniter->handleRequest(null, Object(Config\Cache), false)
12 SYSTEMPATH\Boot.php(417): CodeIgniter\CodeIgniter->run()
13 SYSTEMPATH\Boot.php(68): CodeIgniter\Boot::runCodeIgniter(Object(CodeIgniter\CodeIgniter))
14 FCPATH\index.php(59): CodeIgniter\Boot::bootWeb(Object(Config\Paths))
15 SYSTEMPATH\rewrite.php(44): require_once('C:\\xampp\\htdocs\\codeigniter4-framework-b3359be\\public\\index.php')
CRITICAL - 2026-05-04 07:26:56 --> InvalidArgumentException: URI must be a string or UriInterface
[Method: GET, Route: auth/google]
in VENDORPATH\guzzlehttp\psr7\src\Utils.php on line 475.
 1 VENDORPATH\google\auth\src\OAuth2.php(1710): GuzzleHttp\Psr7\Utils::uriFor(false)
 2 VENDORPATH\google\auth\src\OAuth2.php(1807): Google\Auth\OAuth2->coerceUri(false)
 3 VENDORPATH\google\auth\src\OAuth2.php(1012): Google\Auth\OAuth2->isAbsoluteUri(false)
 4 VENDORPATH\google\auth\src\OAuth2.php(453): Google\Auth\OAuth2->setRedirectUri(false)
 5 VENDORPATH\google\apiclient\src\Client.php(1125): Google\Auth\OAuth2->__construct([...])
 6 VENDORPATH\google\apiclient\src\Client.php(1114): Google\Client->createOAuth2Service()
 7 VENDORPATH\google\apiclient\src\Client.php(450): Google\Client->getOAuth2Service()
 8 APPPATH\Controllers\Auth.php(61): Google\Client->createAuthUrl()
 9 SYSTEMPATH\CodeIgniter.php(951): App\Controllers\Auth->googleLogin()
10 SYSTEMPATH\CodeIgniter.php(497): CodeIgniter\CodeIgniter->runController(Object(App\Controllers\Auth))
11 SYSTEMPATH\CodeIgniter.php(340): CodeIgniter\CodeIgniter->handleRequest(null, Object(Config\Cache), false)
12 SYSTEMPATH\Boot.php(417): CodeIgniter\CodeIgniter->run()
13 SYSTEMPATH\Boot.php(68): CodeIgniter\Boot::runCodeIgniter(Object(CodeIgniter\CodeIgniter))
14 FCPATH\index.php(59): CodeIgniter\Boot::bootWeb(Object(Config\Paths))
15 SYSTEMPATH\rewrite.php(44): require_once('C:\\xampp\\htdocs\\codeigniter4-framework-b3359be\\public\\index.php')
CRITICAL - 2026-05-04 07:27:20 --> InvalidArgumentException: URI must be a string or UriInterface
[Method: GET, Route: auth/google]
in VENDORPATH\guzzlehttp\psr7\src\Utils.php on line 475.
 1 VENDORPATH\google\auth\src\OAuth2.php(1710): GuzzleHttp\Psr7\Utils::uriFor(false)
 2 VENDORPATH\google\auth\src\OAuth2.php(1807): Google\Auth\OAuth2->coerceUri(false)
 3 VENDORPATH\google\auth\src\OAuth2.php(1012): Google\Auth\OAuth2->isAbsoluteUri(false)
 4 VENDORPATH\google\auth\src\OAuth2.php(453): Google\Auth\OAuth2->setRedirectUri(false)
 5 VENDORPATH\google\apiclient\src\Client.php(1125): Google\Auth\OAuth2->__construct([...])
 6 VENDORPATH\google\apiclient\src\Client.php(1114): Google\Client->createOAuth2Service()
 7 VENDORPATH\google\apiclient\src\Client.php(450): Google\Client->getOAuth2Service()
 8 APPPATH\Controllers\Auth.php(61): Google\Client->createAuthUrl()
 9 SYSTEMPATH\CodeIgniter.php(951): App\Controllers\Auth->googleLogin()
10 SYSTEMPATH\CodeIgniter.php(497): CodeIgniter\CodeIgniter->runController(Object(App\Controllers\Auth))
11 SYSTEMPATH\CodeIgniter.php(340): CodeIgniter\CodeIgniter->handleRequest(null, Object(Config\Cache), false)
12 SYSTEMPATH\Boot.php(417): CodeIgniter\CodeIgniter->run()
13 SYSTEMPATH\Boot.php(68): CodeIgniter\Boot::runCodeIgniter(Object(CodeIgniter\CodeIgniter))
14 FCPATH\index.php(59): CodeIgniter\Boot::bootWeb(Object(Config\Paths))
15 SYSTEMPATH\rewrite.php(44): require_once('C:\\xampp\\htdocs\\codeigniter4-framework-b3359be\\public\\index.php')
CRITICAL - 2026-05-04 07:28:05 --> InvalidArgumentException: URI must be a string or UriInterface
[Method: GET, Route: auth/google]
in VENDORPATH\guzzlehttp\psr7\src\Utils.php on line 475.
 1 VENDORPATH\google\auth\src\OAuth2.php(1710): GuzzleHttp\Psr7\Utils::uriFor(false)
 2 VENDORPATH\google\auth\src\OAuth2.php(1807): Google\Auth\OAuth2->coerceUri(false)
 3 VENDORPATH\google\auth\src\OAuth2.php(1012): Google\Auth\OAuth2->isAbsoluteUri(false)
 4 VENDORPATH\google\auth\src\OAuth2.php(453): Google\Auth\OAuth2->setRedirectUri(false)
 5 VENDORPATH\google\apiclient\src\Client.php(1125): Google\Auth\OAuth2->__construct([...])
 6 VENDORPATH\google\apiclient\src\Client.php(1114): Google\Client->createOAuth2Service()
 7 VENDORPATH\google\apiclient\src\Client.php(450): Google\Client->getOAuth2Service()
 8 APPPATH\Controllers\Auth.php(61): Google\Client->createAuthUrl()
 9 SYSTEMPATH\CodeIgniter.php(951): App\Controllers\Auth->googleLogin()
10 SYSTEMPATH\CodeIgniter.php(497): CodeIgniter\CodeIgniter->runController(Object(App\Controllers\Auth))
11 SYSTEMPATH\CodeIgniter.php(340): CodeIgniter\CodeIgniter->handleRequest(null, Object(Config\Cache), false)
12 SYSTEMPATH\Boot.php(417): CodeIgniter\CodeIgniter->run()
13 SYSTEMPATH\Boot.php(68): CodeIgniter\Boot::runCodeIgniter(Object(CodeIgniter\CodeIgniter))
14 FCPATH\index.php(59): CodeIgniter\Boot::bootWeb(Object(Config\Paths))
15 SYSTEMPATH\rewrite.php(44): require_once('C:\\xampp\\htdocs\\codeigniter4-framework-b3359be\\public\\index.php')
CRITICAL - 2026-05-04 07:29:17 --> InvalidArgumentException: URI must be a string or UriInterface
[Method: GET, Route: auth/google]
in VENDORPATH\guzzlehttp\psr7\src\Utils.php on line 475.
 1 VENDORPATH\google\auth\src\OAuth2.php(1710): GuzzleHttp\Psr7\Utils::uriFor(false)
 2 VENDORPATH\google\auth\src\OAuth2.php(1807): Google\Auth\OAuth2->coerceUri(false)
 3 VENDORPATH\google\auth\src\OAuth2.php(1012): Google\Auth\OAuth2->isAbsoluteUri(false)
 4 VENDORPATH\google\auth\src\OAuth2.php(453): Google\Auth\OAuth2->setRedirectUri(false)
 5 VENDORPATH\google\apiclient\src\Client.php(1125): Google\Auth\OAuth2->__construct([...])
 6 VENDORPATH\google\apiclient\src\Client.php(1114): Google\Client->createOAuth2Service()
 7 VENDORPATH\google\apiclient\src\Client.php(450): Google\Client->getOAuth2Service()
 8 APPPATH\Controllers\Auth.php(61): Google\Client->createAuthUrl()
 9 SYSTEMPATH\CodeIgniter.php(951): App\Controllers\Auth->googleLogin()
10 SYSTEMPATH\CodeIgniter.php(497): CodeIgniter\CodeIgniter->runController(Object(App\Controllers\Auth))
11 SYSTEMPATH\CodeIgniter.php(340): CodeIgniter\CodeIgniter->handleRequest(null, Object(Config\Cache), false)
12 SYSTEMPATH\Boot.php(417): CodeIgniter\CodeIgniter->run()
13 SYSTEMPATH\Boot.php(68): CodeIgniter\Boot::runCodeIgniter(Object(CodeIgniter\CodeIgniter))
14 FCPATH\index.php(59): CodeIgniter\Boot::bootWeb(Object(Config\Paths))
15 SYSTEMPATH\rewrite.php(44): require_once('C:\\xampp\\htdocs\\codeigniter4-framework-b3359be\\public\\index.php')
CRITICAL - 2026-05-04 07:29:33 --> InvalidArgumentException: URI must be a string or UriInterface
[Method: GET, Route: auth/google]
in VENDORPATH\guzzlehttp\psr7\src\Utils.php on line 475.
 1 VENDORPATH\google\auth\src\OAuth2.php(1710): GuzzleHttp\Psr7\Utils::uriFor(false)
 2 VENDORPATH\google\auth\src\OAuth2.php(1807): Google\Auth\OAuth2->coerceUri(false)
 3 VENDORPATH\google\auth\src\OAuth2.php(1012): Google\Auth\OAuth2->isAbsoluteUri(false)
 4 VENDORPATH\google\auth\src\OAuth2.php(453): Google\Auth\OAuth2->setRedirectUri(false)
 5 VENDORPATH\google\apiclient\src\Client.php(1125): Google\Auth\OAuth2->__construct([...])
 6 VENDORPATH\google\apiclient\src\Client.php(1114): Google\Client->createOAuth2Service()
 7 VENDORPATH\google\apiclient\src\Client.php(450): Google\Client->getOAuth2Service()
 8 APPPATH\Controllers\Auth.php(61): Google\Client->createAuthUrl()
 9 SYSTEMPATH\CodeIgniter.php(951): App\Controllers\Auth->googleLogin()
10 SYSTEMPATH\CodeIgniter.php(497): CodeIgniter\CodeIgniter->runController(Object(App\Controllers\Auth))
11 SYSTEMPATH\CodeIgniter.php(340): CodeIgniter\CodeIgniter->handleRequest(null, Object(Config\Cache), false)
12 SYSTEMPATH\Boot.php(417): CodeIgniter\CodeIgniter->run()
13 SYSTEMPATH\Boot.php(68): CodeIgniter\Boot::runCodeIgniter(Object(CodeIgniter\CodeIgniter))
14 FCPATH\index.php(59): CodeIgniter\Boot::bootWeb(Object(Config\Paths))
15 SYSTEMPATH\rewrite.php(44): require_once('C:\\xampp\\htdocs\\codeigniter4-framework-b3359be\\public\\index.php')
CRITICAL - 2026-05-04 07:30:03 --> InvalidArgumentException: URI must be a string or UriInterface
[Method: GET, Route: auth/google]
in VENDORPATH\guzzlehttp\psr7\src\Utils.php on line 475.
 1 VENDORPATH\google\auth\src\OAuth2.php(1710): GuzzleHttp\Psr7\Utils::uriFor(false)
 2 VENDORPATH\google\auth\src\OAuth2.php(1807): Google\Auth\OAuth2->coerceUri(false)
 3 VENDORPATH\google\auth\src\OAuth2.php(1012): Google\Auth\OAuth2->isAbsoluteUri(false)
 4 VENDORPATH\google\auth\src\OAuth2.php(453): Google\Auth\OAuth2->setRedirectUri(false)
 5 VENDORPATH\google\apiclient\src\Client.php(1125): Google\Auth\OAuth2->__construct([...])
 6 VENDORPATH\google\apiclient\src\Client.php(1114): Google\Client->createOAuth2Service()
 7 VENDORPATH\google\apiclient\src\Client.php(450): Google\Client->getOAuth2Service()
 8 APPPATH\Controllers\Auth.php(61): Google\Client->createAuthUrl()
 9 SYSTEMPATH\CodeIgniter.php(951): App\Controllers\Auth->googleLogin()
10 SYSTEMPATH\CodeIgniter.php(497): CodeIgniter\CodeIgniter->runController(Object(App\Controllers\Auth))
11 SYSTEMPATH\CodeIgniter.php(340): CodeIgniter\CodeIgniter->handleRequest(null, Object(Config\Cache), false)
12 SYSTEMPATH\Boot.php(417): CodeIgniter\CodeIgniter->run()
13 SYSTEMPATH\Boot.php(68): CodeIgniter\Boot::runCodeIgniter(Object(CodeIgniter\CodeIgniter))
14 FCPATH\index.php(59): CodeIgniter\Boot::bootWeb(Object(Config\Paths))
15 SYSTEMPATH\rewrite.php(44): require_once('C:\\xampp\\htdocs\\codeigniter4-framework-b3359be\\public\\index.php')
CRITICAL - 2026-05-04 07:31:08 --> InvalidArgumentException: URI must be a string or UriInterface
[Method: GET, Route: auth/google]
in VENDORPATH\guzzlehttp\psr7\src\Utils.php on line 475.
 1 VENDORPATH\google\auth\src\OAuth2.php(1710): GuzzleHttp\Psr7\Utils::uriFor(false)
 2 VENDORPATH\google\auth\src\OAuth2.php(1807): Google\Auth\OAuth2->coerceUri(false)
 3 VENDORPATH\google\auth\src\OAuth2.php(1012): Google\Auth\OAuth2->isAbsoluteUri(false)
 4 VENDORPATH\google\auth\src\OAuth2.php(453): Google\Auth\OAuth2->setRedirectUri(false)
 5 VENDORPATH\google\apiclient\src\Client.php(1125): Google\Auth\OAuth2->__construct([...])
 6 VENDORPATH\google\apiclient\src\Client.php(1114): Google\Client->createOAuth2Service()
 7 VENDORPATH\google\apiclient\src\Client.php(450): Google\Client->getOAuth2Service()
 8 APPPATH\Controllers\Auth.php(61): Google\Client->createAuthUrl()
 9 SYSTEMPATH\CodeIgniter.php(951): App\Controllers\Auth->googleLogin()
10 SYSTEMPATH\CodeIgniter.php(497): CodeIgniter\CodeIgniter->runController(Object(App\Controllers\Auth))
11 SYSTEMPATH\CodeIgniter.php(340): CodeIgniter\CodeIgniter->handleRequest(null, Object(Config\Cache), false)
12 SYSTEMPATH\Boot.php(417): CodeIgniter\CodeIgniter->run()
13 SYSTEMPATH\Boot.php(68): CodeIgniter\Boot::runCodeIgniter(Object(CodeIgniter\CodeIgniter))
14 FCPATH\index.php(59): CodeIgniter\Boot::bootWeb(Object(Config\Paths))
15 SYSTEMPATH\rewrite.php(44): require_once('C:\\xampp\\htdocs\\codeigniter4-framework-b3359be\\public\\index.php')
CRITICAL - 2026-05-04 07:51:33 --> ParseError: syntax error, unexpected token "public"
[Method: GET, Route: auth/google]
in APPPATH\Controllers\Auth.php on line 54.
 1 SYSTEMPATH\Autoloader\Autoloader.php(295): CodeIgniter\Autoloader\Autoloader->includeFile('C:\\xampp\\htdocs\\codeigniter4-framework-b3359be\\app\\Controllers\\Auth.php')
 2 SYSTEMPATH\Autoloader\Autoloader.php(271): CodeIgniter\Autoloader\Autoloader->loadInNamespace('App\\Controllers\\Auth')
 3 [internal function]: CodeIgniter\Autoloader\Autoloader->loadClass('App\\Controllers\\Auth')
 4 SYSTEMPATH\Router\Router.php(792): class_exists('\\App\\Controllers\\Auth')
 5 SYSTEMPATH\Router\Router.php(230): CodeIgniter\Router\Router->processRouteAttributes()
 6 SYSTEMPATH\CodeIgniter.php(829): CodeIgniter\Router\Router->handle('auth/google')
 7 SYSTEMPATH\CodeIgniter.php(441): CodeIgniter\CodeIgniter->tryToRouteIt(Object(CodeIgniter\Router\RouteCollection))
 8 SYSTEMPATH\CodeIgniter.php(340): CodeIgniter\CodeIgniter->handleRequest(null, Object(Config\Cache), false)
 9 SYSTEMPATH\Boot.php(417): CodeIgniter\CodeIgniter->run()
10 SYSTEMPATH\Boot.php(68): CodeIgniter\Boot::runCodeIgniter(Object(CodeIgniter\CodeIgniter))
11 FCPATH\index.php(59): CodeIgniter\Boot::bootWeb(Object(Config\Paths))
12 SYSTEMPATH\rewrite.php(44): require_once('C:\\xampp\\htdocs\\codeigniter4-framework-b3359be\\public\\index.php')
CRITICAL - 2026-05-04 07:54:10 --> InvalidArgumentException: URI must be a string or UriInterface
[Method: GET, Route: auth/google]
in VENDORPATH\guzzlehttp\psr7\src\Utils.php on line 475.
 1 VENDORPATH\google\auth\src\OAuth2.php(1710): GuzzleHttp\Psr7\Utils::uriFor(false)
 2 VENDORPATH\google\auth\src\OAuth2.php(1807): Google\Auth\OAuth2->coerceUri(false)
 3 VENDORPATH\google\auth\src\OAuth2.php(1012): Google\Auth\OAuth2->isAbsoluteUri(false)
 4 VENDORPATH\google\auth\src\OAuth2.php(453): Google\Auth\OAuth2->setRedirectUri(false)
 5 VENDORPATH\google\apiclient\src\Client.php(1125): Google\Auth\OAuth2->__construct([...])
 6 VENDORPATH\google\apiclient\src\Client.php(1114): Google\Client->createOAuth2Service()
 7 VENDORPATH\google\apiclient\src\Client.php(450): Google\Client->getOAuth2Service()
 8 APPPATH\Controllers\Auth.php(61): Google\Client->createAuthUrl()
 9 SYSTEMPATH\CodeIgniter.php(951): App\Controllers\Auth->googleLogin()
10 SYSTEMPATH\CodeIgniter.php(497): CodeIgniter\CodeIgniter->runController(Object(App\Controllers\Auth))
11 SYSTEMPATH\CodeIgniter.php(340): CodeIgniter\CodeIgniter->handleRequest(null, Object(Config\Cache), false)
12 SYSTEMPATH\Boot.php(417): CodeIgniter\CodeIgniter->run()
13 SYSTEMPATH\Boot.php(68): CodeIgniter\Boot::runCodeIgniter(Object(CodeIgniter\CodeIgniter))
14 FCPATH\index.php(59): CodeIgniter\Boot::bootWeb(Object(Config\Paths))
15 SYSTEMPATH\rewrite.php(44): require_once('C:\\xampp\\htdocs\\codeigniter4-framework-b3359be\\public\\index.php')
CRITICAL - 2026-05-04 09:06:09 --> InvalidArgumentException: URI must be a string or UriInterface
[Method: GET, Route: auth/google]
in VENDORPATH\guzzlehttp\psr7\src\Utils.php on line 475.
 1 VENDORPATH\google\auth\src\OAuth2.php(1710): GuzzleHttp\Psr7\Utils::uriFor(false)
 2 VENDORPATH\google\auth\src\OAuth2.php(1807): Google\Auth\OAuth2->coerceUri(false)
 3 VENDORPATH\google\auth\src\OAuth2.php(1012): Google\Auth\OAuth2->isAbsoluteUri(false)
 4 VENDORPATH\google\auth\src\OAuth2.php(453): Google\Auth\OAuth2->setRedirectUri(false)
 5 VENDORPATH\google\apiclient\src\Client.php(1125): Google\Auth\OAuth2->__construct([...])
 6 VENDORPATH\google\apiclient\src\Client.php(1114): Google\Client->createOAuth2Service()
 7 VENDORPATH\google\apiclient\src\Client.php(450): Google\Client->getOAuth2Service()
 8 APPPATH\Controllers\Auth.php(61): Google\Client->createAuthUrl()
 9 SYSTEMPATH\CodeIgniter.php(951): App\Controllers\Auth->googleLogin()
10 SYSTEMPATH\CodeIgniter.php(497): CodeIgniter\CodeIgniter->runController(Object(App\Controllers\Auth))
11 SYSTEMPATH\CodeIgniter.php(340): CodeIgniter\CodeIgniter->handleRequest(null, Object(Config\Cache), false)
12 SYSTEMPATH\Boot.php(417): CodeIgniter\CodeIgniter->run()
13 SYSTEMPATH\Boot.php(68): CodeIgniter\Boot::runCodeIgniter(Object(CodeIgniter\CodeIgniter))
14 FCPATH\index.php(59): CodeIgniter\Boot::bootWeb(Object(Config\Paths))
15 SYSTEMPATH\rewrite.php(44): require_once('C:\\xampp\\htdocs\\codeigniter4-framework-b3359be\\public\\index.php')
CRITICAL - 2026-05-04 09:13:52 --> InvalidArgumentException: missing the required client identifier
[Method: GET, Route: auth/google]
in VENDORPATH\google\auth\src\OAuth2.php on line 846.
 1 VENDORPATH\google\apiclient\src\Client.php(452): Google\Auth\OAuth2->buildFullAuthorizationUri([...])
 2 APPPATH\Controllers\Auth.php(62): Google\Client->createAuthUrl()
 3 SYSTEMPATH\CodeIgniter.php(951): App\Controllers\Auth->googleLogin()
 4 SYSTEMPATH\CodeIgniter.php(497): CodeIgniter\CodeIgniter->runController(Object(App\Controllers\Auth))
 5 SYSTEMPATH\CodeIgniter.php(340): CodeIgniter\CodeIgniter->handleRequest(null, Object(Config\Cache), false)
 6 SYSTEMPATH\Boot.php(417): CodeIgniter\CodeIgniter->run()
 7 SYSTEMPATH\Boot.php(68): CodeIgniter\Boot::runCodeIgniter(Object(CodeIgniter\CodeIgniter))
 8 FCPATH\index.php(59): CodeIgniter\Boot::bootWeb(Object(Config\Paths))
 9 SYSTEMPATH\rewrite.php(44): require_once('C:\\xampp\\htdocs\\codeigniter4-framework-b3359be\\public\\index.php')
CRITICAL - 2026-05-04 09:18:45 --> InvalidArgumentException: missing the required client identifier
[Method: GET, Route: auth/google]
in VENDORPATH\google\auth\src\OAuth2.php on line 846.
 1 VENDORPATH\google\apiclient\src\Client.php(452): Google\Auth\OAuth2->buildFullAuthorizationUri([...])
 2 APPPATH\Controllers\Auth.php(60): Google\Client->createAuthUrl()
 3 SYSTEMPATH\CodeIgniter.php(951): App\Controllers\Auth->googleLogin()
 4 SYSTEMPATH\CodeIgniter.php(497): CodeIgniter\CodeIgniter->runController(Object(App\Controllers\Auth))
 5 SYSTEMPATH\CodeIgniter.php(340): CodeIgniter\CodeIgniter->handleRequest(null, Object(Config\Cache), false)
 6 SYSTEMPATH\Boot.php(417): CodeIgniter\CodeIgniter->run()
 7 SYSTEMPATH\Boot.php(68): CodeIgniter\Boot::runCodeIgniter(Object(CodeIgniter\CodeIgniter))
 8 FCPATH\index.php(59): CodeIgniter\Boot::bootWeb(Object(Config\Paths))
 9 SYSTEMPATH\rewrite.php(44): require_once('C:\\xampp\\htdocs\\codeigniter4-framework-b3359be\\public\\index.php')
CRITICAL - 2026-05-04 09:18:49 --> InvalidArgumentException: missing the required client identifier
[Method: GET, Route: auth/google]
in VENDORPATH\google\auth\src\OAuth2.php on line 846.
 1 VENDORPATH\google\apiclient\src\Client.php(452): Google\Auth\OAuth2->buildFullAuthorizationUri([...])
 2 APPPATH\Controllers\Auth.php(60): Google\Client->createAuthUrl()
 3 SYSTEMPATH\CodeIgniter.php(951): App\Controllers\Auth->googleLogin()
 4 SYSTEMPATH\CodeIgniter.php(497): CodeIgniter\CodeIgniter->runController(Object(App\Controllers\Auth))
 5 SYSTEMPATH\CodeIgniter.php(340): CodeIgniter\CodeIgniter->handleRequest(null, Object(Config\Cache), false)
 6 SYSTEMPATH\Boot.php(417): CodeIgniter\CodeIgniter->run()
 7 SYSTEMPATH\Boot.php(68): CodeIgniter\Boot::runCodeIgniter(Object(CodeIgniter\CodeIgniter))
 8 FCPATH\index.php(59): CodeIgniter\Boot::bootWeb(Object(Config\Paths))
 9 SYSTEMPATH\rewrite.php(44): require_once('C:\\xampp\\htdocs\\codeigniter4-framework-b3359be\\public\\index.php')
CRITICAL - 2026-05-04 10:08:23 --> InvalidArgumentException: missing the required client identifier
[Method: GET, Route: auth/google]
in VENDORPATH\google\auth\src\OAuth2.php on line 846.
 1 VENDORPATH\google\apiclient\src\Client.php(452): Google\Auth\OAuth2->buildFullAuthorizationUri([...])
 2 APPPATH\Controllers\Auth.php(60): Google\Client->createAuthUrl()
 3 SYSTEMPATH\CodeIgniter.php(951): App\Controllers\Auth->googleLogin()
 4 SYSTEMPATH\CodeIgniter.php(497): CodeIgniter\CodeIgniter->runController(Object(App\Controllers\Auth))
 5 SYSTEMPATH\CodeIgniter.php(340): CodeIgniter\CodeIgniter->handleRequest(null, Object(Config\Cache), false)
 6 SYSTEMPATH\Boot.php(417): CodeIgniter\CodeIgniter->run()
 7 SYSTEMPATH\Boot.php(68): CodeIgniter\Boot::runCodeIgniter(Object(CodeIgniter\CodeIgniter))
 8 FCPATH\index.php(59): CodeIgniter\Boot::bootWeb(Object(Config\Paths))
 9 SYSTEMPATH\rewrite.php(44): require_once('C:\\xampp\\htdocs\\codeigniter4-framework-b3359be\\public\\index.php')
CRITICAL - 2026-05-04 10:08:27 --> InvalidArgumentException: missing the required client identifier
[Method: GET, Route: auth/google]
in VENDORPATH\google\auth\src\OAuth2.php on line 846.
 1 VENDORPATH\google\apiclient\src\Client.php(452): Google\Auth\OAuth2->buildFullAuthorizationUri([...])
 2 APPPATH\Controllers\Auth.php(60): Google\Client->createAuthUrl()
 3 SYSTEMPATH\CodeIgniter.php(951): App\Controllers\Auth->googleLogin()
 4 SYSTEMPATH\CodeIgniter.php(497): CodeIgniter\CodeIgniter->runController(Object(App\Controllers\Auth))
 5 SYSTEMPATH\CodeIgniter.php(340): CodeIgniter\CodeIgniter->handleRequest(null, Object(Config\Cache), false)
 6 SYSTEMPATH\Boot.php(417): CodeIgniter\CodeIgniter->run()
 7 SYSTEMPATH\Boot.php(68): CodeIgniter\Boot::runCodeIgniter(Object(CodeIgniter\CodeIgniter))
 8 FCPATH\index.php(59): CodeIgniter\Boot::bootWeb(Object(Config\Paths))
 9 SYSTEMPATH\rewrite.php(44): require_once('C:\\xampp\\htdocs\\codeigniter4-framework-b3359be\\public\\index.php')
CRITICAL - 2026-05-04 10:13:23 --> InvalidArgumentException: missing the required client identifier
[Method: GET, Route: auth/google]
in VENDORPATH\google\auth\src\OAuth2.php on line 846.
 1 VENDORPATH\google\apiclient\src\Client.php(452): Google\Auth\OAuth2->buildFullAuthorizationUri([...])
 2 APPPATH\Controllers\Auth.php(60): Google\Client->createAuthUrl()
 3 SYSTEMPATH\CodeIgniter.php(951): App\Controllers\Auth->googleLogin()
 4 SYSTEMPATH\CodeIgniter.php(497): CodeIgniter\CodeIgniter->runController(Object(App\Controllers\Auth))
 5 SYSTEMPATH\CodeIgniter.php(340): CodeIgniter\CodeIgniter->handleRequest(null, Object(Config\Cache), false)
 6 SYSTEMPATH\Boot.php(417): CodeIgniter\CodeIgniter->run()
 7 SYSTEMPATH\Boot.php(68): CodeIgniter\Boot::runCodeIgniter(Object(CodeIgniter\CodeIgniter))
 8 FCPATH\index.php(59): CodeIgniter\Boot::bootWeb(Object(Config\Paths))
 9 SYSTEMPATH\rewrite.php(44): require_once('C:\\xampp\\htdocs\\codeigniter4-framework-b3359be\\public\\index.php')
ERROR - 2026-05-04 10:28:04 --> Error connecting to the database: mysqli_sql_exception: Access denied for user ''@'localhost' (using password: NO) in C:\xampp\htdocs\codeigniter4-framework-b3359be\system\Database\MySQLi\Connection.php:201
Stack trace:
#0 C:\xampp\htdocs\codeigniter4-framework-b3359be\system\Database\MySQLi\Connection.php(201): mysqli->real_connect('localhost', '', Object(SensitiveParameterValue), '', 3306, '', 0)
#1 C:\xampp\htdocs\codeigniter4-framework-b3359be\system\Database\BaseConnection.php(555): CodeIgniter\Database\MySQLi\Connection->connect(false)
#2 C:\xampp\htdocs\codeigniter4-framework-b3359be\system\Database\BaseConnection.php(795): CodeIgniter\Database\BaseConnection->initialize()
#3 C:\xampp\htdocs\codeigniter4-framework-b3359be\system\Database\BaseBuilder.php(1649): CodeIgniter\Database\BaseConnection->query('SELECT *\nFROM `...', Array, false)
#4 C:\xampp\htdocs\codeigniter4-framework-b3359be\system\Model.php(295): CodeIgniter\Database\BaseBuilder->get()
#5 C:\xampp\htdocs\codeigniter4-framework-b3359be\system\BaseModel.php(714): CodeIgniter\Model->doFirst()
#6 C:\xampp\htdocs\codeigniter4-framework-b3359be\app\Controllers\Auth.php(91): CodeIgniter\BaseModel->first()
#7 C:\xampp\htdocs\codeigniter4-framework-b3359be\system\CodeIgniter.php(951): App\Controllers\Auth->googleCallback()
#8 C:\xampp\htdocs\codeigniter4-framework-b3359be\system\CodeIgniter.php(497): CodeIgniter\CodeIgniter->runController(Object(App\Controllers\Auth))
#9 C:\xampp\htdocs\codeigniter4-framework-b3359be\system\CodeIgniter.php(340): CodeIgniter\CodeIgniter->handleRequest(NULL, Object(Config\Cache), false)
#10 C:\xampp\htdocs\codeigniter4-framework-b3359be\system\Boot.php(417): CodeIgniter\CodeIgniter->run()
#11 C:\xampp\htdocs\codeigniter4-framework-b3359be\system\Boot.php(68): CodeIgniter\Boot::runCodeIgniter(Object(CodeIgniter\CodeIgniter))
#12 C:\xampp\htdocs\codeigniter4-framework-b3359be\public\index.php(59): CodeIgniter\Boot::bootWeb(Object(Config\Paths))
#13 C:\xampp\htdocs\codeigniter4-framework-b3359be\system\rewrite.php(44): require_once('C:\\xampp\\htdocs...')
#14 {main}

Next CodeIgniter\Database\Exceptions\DatabaseException: Access denied for user ''@'localhost' (using password: NO) in C:\xampp\htdocs\codeigniter4-framework-b3359be\system\Database\MySQLi\Connection.php:231
Stack trace:
#0 C:\xampp\htdocs\codeigniter4-framework-b3359be\system\Database\BaseConnection.php(555): CodeIgniter\Database\MySQLi\Connection->connect(false)
#1 C:\xampp\htdocs\codeigniter4-framework-b3359be\system\Database\BaseConnection.php(795): CodeIgniter\Database\BaseConnection->initialize()
#2 C:\xampp\htdocs\codeigniter4-framework-b3359be\system\Database\BaseBuilder.php(1649): CodeIgniter\Database\BaseConnection->query('SELECT *\nFROM `...', Array, false)
#3 C:\xampp\htdocs\codeigniter4-framework-b3359be\system\Model.php(295): CodeIgniter\Database\BaseBuilder->get()
#4 C:\xampp\htdocs\codeigniter4-framework-b3359be\system\BaseModel.php(714): CodeIgniter\Model->doFirst()
#5 C:\xampp\htdocs\codeigniter4-framework-b3359be\app\Controllers\Auth.php(91): CodeIgniter\BaseModel->first()
#6 C:\xampp\htdocs\codeigniter4-framework-b3359be\system\CodeIgniter.php(951): App\Controllers\Auth->googleCallback()
#7 C:\xampp\htdocs\codeigniter4-framework-b3359be\system\CodeIgniter.php(497): CodeIgniter\CodeIgniter->runController(Object(App\Controllers\Auth))
#8 C:\xampp\htdocs\codeigniter4-framework-b3359be\system\CodeIgniter.php(340): CodeIgniter\CodeIgniter->handleRequest(NULL, Object(Config\Cache), false)
#9 C:\xampp\htdocs\codeigniter4-framework-b3359be\system\Boot.php(417): CodeIgniter\CodeIgniter->run()
#10 C:\xampp\htdocs\codeigniter4-framework-b3359be\system\Boot.php(68): CodeIgniter\Boot::runCodeIgniter(Object(CodeIgniter\CodeIgniter))
#11 C:\xampp\htdocs\codeigniter4-framework-b3359be\public\index.php(59): CodeIgniter\Boot::bootWeb(Object(Config\Paths))
#12 C:\xampp\htdocs\codeigniter4-framework-b3359be\system\rewrite.php(44): require_once('C:\\xampp\\htdocs...')
#13 {main}
CRITICAL - 2026-05-04 10:28:04 --> CodeIgniter\Database\Exceptions\DatabaseException: Unable to connect to the database.
Main connection [MySQLi]: Access denied for user ''@'localhost' (using password: NO)
[Method: GET, Route: auth/googleCallback]
in SYSTEMPATH\Database\BaseConnection.php on line 606.
 1 SYSTEMPATH\Database\BaseConnection.php(795): CodeIgniter\Database\BaseConnection->initialize()
 2 SYSTEMPATH\Database\BaseBuilder.php(1649): CodeIgniter\Database\BaseConnection->query('SELECT *
FROM `users`
WHERE `email` = :email:
 LIMIT 1', [...], false)
 3 SYSTEMPATH\Model.php(295): CodeIgniter\Database\BaseBuilder->get()
 4 SYSTEMPATH\BaseModel.php(714): CodeIgniter\Model->doFirst()
 5 APPPATH\Controllers\Auth.php(91): CodeIgniter\BaseModel->first()
 6 SYSTEMPATH\CodeIgniter.php(951): App\Controllers\Auth->googleCallback()
 7 SYSTEMPATH\CodeIgniter.php(497): CodeIgniter\CodeIgniter->runController(Object(App\Controllers\Auth))
 8 SYSTEMPATH\CodeIgniter.php(340): CodeIgniter\CodeIgniter->handleRequest(null, Object(Config\Cache), false)
 9 SYSTEMPATH\Boot.php(417): CodeIgniter\CodeIgniter->run()
10 SYSTEMPATH\Boot.php(68): CodeIgniter\Boot::runCodeIgniter(Object(CodeIgniter\CodeIgniter))
11 FCPATH\index.php(59): CodeIgniter\Boot::bootWeb(Object(Config\Paths))
12 SYSTEMPATH\rewrite.php(44): require_once('C:\\xampp\\htdocs\\codeigniter4-framework-b3359be\\public\\index.php')
ERROR - 2026-05-04 10:29:29 --> Error connecting to the database: mysqli_sql_exception: Access denied for user ''@'localhost' (using password: NO) in C:\xampp\htdocs\codeigniter4-framework-b3359be\system\Database\MySQLi\Connection.php:201
Stack trace:
#0 C:\xampp\htdocs\codeigniter4-framework-b3359be\system\Database\MySQLi\Connection.php(201): mysqli->real_connect('localhost', '', Object(SensitiveParameterValue), '', 3306, '', 0)
#1 C:\xampp\htdocs\codeigniter4-framework-b3359be\system\Database\BaseConnection.php(555): CodeIgniter\Database\MySQLi\Connection->connect(false)
#2 C:\xampp\htdocs\codeigniter4-framework-b3359be\system\Database\BaseConnection.php(795): CodeIgniter\Database\BaseConnection->initialize()
#3 C:\xampp\htdocs\codeigniter4-framework-b3359be\system\Database\BaseBuilder.php(1649): CodeIgniter\Database\BaseConnection->query('SELECT *\nFROM `...', Array, false)
#4 C:\xampp\htdocs\codeigniter4-framework-b3359be\system\Model.php(295): CodeIgniter\Database\BaseBuilder->get()
#5 C:\xampp\htdocs\codeigniter4-framework-b3359be\system\BaseModel.php(714): CodeIgniter\Model->doFirst()
#6 C:\xampp\htdocs\codeigniter4-framework-b3359be\app\Controllers\Auth.php(26): CodeIgniter\BaseModel->first()
#7 C:\xampp\htdocs\codeigniter4-framework-b3359be\system\CodeIgniter.php(951): App\Controllers\Auth->processLogin()
#8 C:\xampp\htdocs\codeigniter4-framework-b3359be\system\CodeIgniter.php(497): CodeIgniter\CodeIgniter->runController(Object(App\Controllers\Auth))
#9 C:\xampp\htdocs\codeigniter4-framework-b3359be\system\CodeIgniter.php(340): CodeIgniter\CodeIgniter->handleRequest(NULL, Object(Config\Cache), false)
#10 C:\xampp\htdocs\codeigniter4-framework-b3359be\system\Boot.php(417): CodeIgniter\CodeIgniter->run()
#11 C:\xampp\htdocs\codeigniter4-framework-b3359be\system\Boot.php(68): CodeIgniter\Boot::runCodeIgniter(Object(CodeIgniter\CodeIgniter))
#12 C:\xampp\htdocs\codeigniter4-framework-b3359be\public\index.php(59): CodeIgniter\Boot::bootWeb(Object(Config\Paths))
#13 C:\xampp\htdocs\codeigniter4-framework-b3359be\system\rewrite.php(44): require_once('C:\\xampp\\htdocs...')
#14 {main}

Next CodeIgniter\Database\Exceptions\DatabaseException: Access denied for user ''@'localhost' (using password: NO) in C:\xampp\htdocs\codeigniter4-framework-b3359be\system\Database\MySQLi\Connection.php:231
Stack trace:
#0 C:\xampp\htdocs\codeigniter4-framework-b3359be\system\Database\BaseConnection.php(555): CodeIgniter\Database\MySQLi\Connection->connect(false)
#1 C:\xampp\htdocs\codeigniter4-framework-b3359be\system\Database\BaseConnection.php(795): CodeIgniter\Database\BaseConnection->initialize()
#2 C:\xampp\htdocs\codeigniter4-framework-b3359be\system\Database\BaseBuilder.php(1649): CodeIgniter\Database\BaseConnection->query('SELECT *\nFROM `...', Array, false)
#3 C:\xampp\htdocs\codeigniter4-framework-b3359be\system\Model.php(295): CodeIgniter\Database\BaseBuilder->get()
#4 C:\xampp\htdocs\codeigniter4-framework-b3359be\system\BaseModel.php(714): CodeIgniter\Model->doFirst()
#5 C:\xampp\htdocs\codeigniter4-framework-b3359be\app\Controllers\Auth.php(26): CodeIgniter\BaseModel->first()
#6 C:\xampp\htdocs\codeigniter4-framework-b3359be\system\CodeIgniter.php(951): App\Controllers\Auth->processLogin()
#7 C:\xampp\htdocs\codeigniter4-framework-b3359be\system\CodeIgniter.php(497): CodeIgniter\CodeIgniter->runController(Object(App\Controllers\Auth))
#8 C:\xampp\htdocs\codeigniter4-framework-b3359be\system\CodeIgniter.php(340): CodeIgniter\CodeIgniter->handleRequest(NULL, Object(Config\Cache), false)
#9 C:\xampp\htdocs\codeigniter4-framework-b3359be\system\Boot.php(417): CodeIgniter\CodeIgniter->run()
#10 C:\xampp\htdocs\codeigniter4-framework-b3359be\system\Boot.php(68): CodeIgniter\Boot::runCodeIgniter(Object(CodeIgniter\CodeIgniter))
#11 C:\xampp\htdocs\codeigniter4-framework-b3359be\public\index.php(59): CodeIgniter\Boot::bootWeb(Object(Config\Paths))
#12 C:\xampp\htdocs\codeigniter4-framework-b3359be\system\rewrite.php(44): require_once('C:\\xampp\\htdocs...')
#13 {main}
CRITICAL - 2026-05-04 10:29:29 --> CodeIgniter\Database\Exceptions\DatabaseException: Unable to connect to the database.
Main connection [MySQLi]: Access denied for user ''@'localhost' (using password: NO)
[Method: POST, Route: login/process]
in SYSTEMPATH\Database\BaseConnection.php on line 606.
 1 SYSTEMPATH\Database\BaseConnection.php(795): CodeIgniter\Database\BaseConnection->initialize()
 2 SYSTEMPATH\Database\BaseBuilder.php(1649): CodeIgniter\Database\BaseConnection->query('SELECT *
FROM `users`
WHERE `email` = :email:
OR `username` = :username:
 LIMIT 1', [...], false)
 3 SYSTEMPATH\Model.php(295): CodeIgniter\Database\BaseBuilder->get()
 4 SYSTEMPATH\BaseModel.php(714): CodeIgniter\Model->doFirst()
 5 APPPATH\Controllers\Auth.php(26): CodeIgniter\BaseModel->first()
 6 SYSTEMPATH\CodeIgniter.php(951): App\Controllers\Auth->processLogin()
 7 SYSTEMPATH\CodeIgniter.php(497): CodeIgniter\CodeIgniter->runController(Object(App\Controllers\Auth))
 8 SYSTEMPATH\CodeIgniter.php(340): CodeIgniter\CodeIgniter->handleRequest(null, Object(Config\Cache), false)
 9 SYSTEMPATH\Boot.php(417): CodeIgniter\CodeIgniter->run()
10 SYSTEMPATH\Boot.php(68): CodeIgniter\Boot::runCodeIgniter(Object(CodeIgniter\CodeIgniter))
11 FCPATH\index.php(59): CodeIgniter\Boot::bootWeb(Object(Config\Paths))
12 SYSTEMPATH\rewrite.php(44): require_once('C:\\xampp\\htdocs\\codeigniter4-framework-b3359be\\public\\index.php')
ERROR - 2026-05-04 10:29:44 --> Error connecting to the database: mysqli_sql_exception: Access denied for user ''@'localhost' (using password: NO) in C:\xampp\htdocs\codeigniter4-framework-b3359be\system\Database\MySQLi\Connection.php:201
Stack trace:
#0 C:\xampp\htdocs\codeigniter4-framework-b3359be\system\Database\MySQLi\Connection.php(201): mysqli->real_connect('localhost', '', Object(SensitiveParameterValue), '', 3306, '', 0)
#1 C:\xampp\htdocs\codeigniter4-framework-b3359be\system\Database\BaseConnection.php(555): CodeIgniter\Database\MySQLi\Connection->connect(false)
#2 C:\xampp\htdocs\codeigniter4-framework-b3359be\system\Database\BaseConnection.php(795): CodeIgniter\Database\BaseConnection->initialize()
#3 C:\xampp\htdocs\codeigniter4-framework-b3359be\system\Database\BaseBuilder.php(1649): CodeIgniter\Database\BaseConnection->query('SELECT *\nFROM `...', Array, false)
#4 C:\xampp\htdocs\codeigniter4-framework-b3359be\system\Model.php(295): CodeIgniter\Database\BaseBuilder->get()
#5 C:\xampp\htdocs\codeigniter4-framework-b3359be\system\BaseModel.php(714): CodeIgniter\Model->doFirst()
#6 C:\xampp\htdocs\codeigniter4-framework-b3359be\app\Controllers\Auth.php(26): CodeIgniter\BaseModel->first()
#7 C:\xampp\htdocs\codeigniter4-framework-b3359be\system\CodeIgniter.php(951): App\Controllers\Auth->processLogin()
#8 C:\xampp\htdocs\codeigniter4-framework-b3359be\system\CodeIgniter.php(497): CodeIgniter\CodeIgniter->runController(Object(App\Controllers\Auth))
#9 C:\xampp\htdocs\codeigniter4-framework-b3359be\system\CodeIgniter.php(340): CodeIgniter\CodeIgniter->handleRequest(NULL, Object(Config\Cache), false)
#10 C:\xampp\htdocs\codeigniter4-framework-b3359be\system\Boot.php(417): CodeIgniter\CodeIgniter->run()
#11 C:\xampp\htdocs\codeigniter4-framework-b3359be\system\Boot.php(68): CodeIgniter\Boot::runCodeIgniter(Object(CodeIgniter\CodeIgniter))
#12 C:\xampp\htdocs\codeigniter4-framework-b3359be\public\index.php(59): CodeIgniter\Boot::bootWeb(Object(Config\Paths))
#13 C:\xampp\htdocs\codeigniter4-framework-b3359be\system\rewrite.php(44): require_once('C:\\xampp\\htdocs...')
#14 {main}

Next CodeIgniter\Database\Exceptions\DatabaseException: Access denied for user ''@'localhost' (using password: NO) in C:\xampp\htdocs\codeigniter4-framework-b3359be\system\Database\MySQLi\Connection.php:231
Stack trace:
#0 C:\xampp\htdocs\codeigniter4-framework-b3359be\system\Database\BaseConnection.php(555): CodeIgniter\Database\MySQLi\Connection->connect(false)
#1 C:\xampp\htdocs\codeigniter4-framework-b3359be\system\Database\BaseConnection.php(795): CodeIgniter\Database\BaseConnection->initialize()
#2 C:\xampp\htdocs\codeigniter4-framework-b3359be\system\Database\BaseBuilder.php(1649): CodeIgniter\Database\BaseConnection->query('SELECT *\nFROM `...', Array, false)
#3 C:\xampp\htdocs\codeigniter4-framework-b3359be\system\Model.php(295): CodeIgniter\Database\BaseBuilder->get()
#4 C:\xampp\htdocs\codeigniter4-framework-b3359be\system\BaseModel.php(714): CodeIgniter\Model->doFirst()
#5 C:\xampp\htdocs\codeigniter4-framework-b3359be\app\Controllers\Auth.php(26): CodeIgniter\BaseModel->first()
#6 C:\xampp\htdocs\codeigniter4-framework-b3359be\system\CodeIgniter.php(951): App\Controllers\Auth->processLogin()
#7 C:\xampp\htdocs\codeigniter4-framework-b3359be\system\CodeIgniter.php(497): CodeIgniter\CodeIgniter->runController(Object(App\Controllers\Auth))
#8 C:\xampp\htdocs\codeigniter4-framework-b3359be\system\CodeIgniter.php(340): CodeIgniter\CodeIgniter->handleRequest(NULL, Object(Config\Cache), false)
#9 C:\xampp\htdocs\codeigniter4-framework-b3359be\system\Boot.php(417): CodeIgniter\CodeIgniter->run()
#10 C:\xampp\htdocs\codeigniter4-framework-b3359be\system\Boot.php(68): CodeIgniter\Boot::runCodeIgniter(Object(CodeIgniter\CodeIgniter))
#11 C:\xampp\htdocs\codeigniter4-framework-b3359be\public\index.php(59): CodeIgniter\Boot::bootWeb(Object(Config\Paths))
#12 C:\xampp\htdocs\codeigniter4-framework-b3359be\system\rewrite.php(44): require_once('C:\\xampp\\htdocs...')
#13 {main}
CRITICAL - 2026-05-04 10:29:45 --> CodeIgniter\Database\Exceptions\DatabaseException: Unable to connect to the database.
Main connection [MySQLi]: Access denied for user ''@'localhost' (using password: NO)
[Method: POST, Route: login/process]
in SYSTEMPATH\Database\BaseConnection.php on line 606.
 1 SYSTEMPATH\Database\BaseConnection.php(795): CodeIgniter\Database\BaseConnection->initialize()
 2 SYSTEMPATH\Database\BaseBuilder.php(1649): CodeIgniter\Database\BaseConnection->query('SELECT *
FROM `users`
WHERE `email` = :email:
OR `username` = :username:
 LIMIT 1', [...], false)
 3 SYSTEMPATH\Model.php(295): CodeIgniter\Database\BaseBuilder->get()
 4 SYSTEMPATH\BaseModel.php(714): CodeIgniter\Model->doFirst()
 5 APPPATH\Controllers\Auth.php(26): CodeIgniter\BaseModel->first()
 6 SYSTEMPATH\CodeIgniter.php(951): App\Controllers\Auth->processLogin()
 7 SYSTEMPATH\CodeIgniter.php(497): CodeIgniter\CodeIgniter->runController(Object(App\Controllers\Auth))
 8 SYSTEMPATH\CodeIgniter.php(340): CodeIgniter\CodeIgniter->handleRequest(null, Object(Config\Cache), false)
 9 SYSTEMPATH\Boot.php(417): CodeIgniter\CodeIgniter->run()
10 SYSTEMPATH\Boot.php(68): CodeIgniter\Boot::runCodeIgniter(Object(CodeIgniter\CodeIgniter))
11 FCPATH\index.php(59): CodeIgniter\Boot::bootWeb(Object(Config\Paths))
12 SYSTEMPATH\rewrite.php(44): require_once('C:\\xampp\\htdocs\\codeigniter4-framework-b3359be\\public\\index.php')
ERROR - 2026-05-04 10:29:57 --> Error connecting to the database: mysqli_sql_exception: Access denied for user ''@'localhost' (using password: NO) in C:\xampp\htdocs\codeigniter4-framework-b3359be\system\Database\MySQLi\Connection.php:201
Stack trace:
#0 C:\xampp\htdocs\codeigniter4-framework-b3359be\system\Database\MySQLi\Connection.php(201): mysqli->real_connect('localhost', '', Object(SensitiveParameterValue), '', 3306, '', 0)
#1 C:\xampp\htdocs\codeigniter4-framework-b3359be\system\Database\BaseConnection.php(555): CodeIgniter\Database\MySQLi\Connection->connect(false)
#2 C:\xampp\htdocs\codeigniter4-framework-b3359be\system\Database\BaseConnection.php(795): CodeIgniter\Database\BaseConnection->initialize()
#3 C:\xampp\htdocs\codeigniter4-framework-b3359be\system\Database\BaseBuilder.php(1649): CodeIgniter\Database\BaseConnection->query('SELECT *\nFROM `...', Array, false)
#4 C:\xampp\htdocs\codeigniter4-framework-b3359be\system\Model.php(295): CodeIgniter\Database\BaseBuilder->get()
#5 C:\xampp\htdocs\codeigniter4-framework-b3359be\system\BaseModel.php(714): CodeIgniter\Model->doFirst()
#6 C:\xampp\htdocs\codeigniter4-framework-b3359be\app\Controllers\Auth.php(91): CodeIgniter\BaseModel->first()
#7 C:\xampp\htdocs\codeigniter4-framework-b3359be\system\CodeIgniter.php(951): App\Controllers\Auth->googleCallback()
#8 C:\xampp\htdocs\codeigniter4-framework-b3359be\system\CodeIgniter.php(497): CodeIgniter\CodeIgniter->runController(Object(App\Controllers\Auth))
#9 C:\xampp\htdocs\codeigniter4-framework-b3359be\system\CodeIgniter.php(340): CodeIgniter\CodeIgniter->handleRequest(NULL, Object(Config\Cache), false)
#10 C:\xampp\htdocs\codeigniter4-framework-b3359be\system\Boot.php(417): CodeIgniter\CodeIgniter->run()
#11 C:\xampp\htdocs\codeigniter4-framework-b3359be\system\Boot.php(68): CodeIgniter\Boot::runCodeIgniter(Object(CodeIgniter\CodeIgniter))
#12 C:\xampp\htdocs\codeigniter4-framework-b3359be\public\index.php(59): CodeIgniter\Boot::bootWeb(Object(Config\Paths))
#13 C:\xampp\htdocs\codeigniter4-framework-b3359be\system\rewrite.php(44): require_once('C:\\xampp\\htdocs...')
#14 {main}

Next CodeIgniter\Database\Exceptions\DatabaseException: Access denied for user ''@'localhost' (using password: NO) in C:\xampp\htdocs\codeigniter4-framework-b3359be\system\Database\MySQLi\Connection.php:231
Stack trace:
#0 C:\xampp\htdocs\codeigniter4-framework-b3359be\system\Database\BaseConnection.php(555): CodeIgniter\Database\MySQLi\Connection->connect(false)
#1 C:\xampp\htdocs\codeigniter4-framework-b3359be\system\Database\BaseConnection.php(795): CodeIgniter\Database\BaseConnection->initialize()
#2 C:\xampp\htdocs\codeigniter4-framework-b3359be\system\Database\BaseBuilder.php(1649): CodeIgniter\Database\BaseConnection->query('SELECT *\nFROM `...', Array, false)
#3 C:\xampp\htdocs\codeigniter4-framework-b3359be\system\Model.php(295): CodeIgniter\Database\BaseBuilder->get()
#4 C:\xampp\htdocs\codeigniter4-framework-b3359be\system\BaseModel.php(714): CodeIgniter\Model->doFirst()
#5 C:\xampp\htdocs\codeigniter4-framework-b3359be\app\Controllers\Auth.php(91): CodeIgniter\BaseModel->first()
#6 C:\xampp\htdocs\codeigniter4-framework-b3359be\system\CodeIgniter.php(951): App\Controllers\Auth->googleCallback()
#7 C:\xampp\htdocs\codeigniter4-framework-b3359be\system\CodeIgniter.php(497): CodeIgniter\CodeIgniter->runController(Object(App\Controllers\Auth))
#8 C:\xampp\htdocs\codeigniter4-framework-b3359be\system\CodeIgniter.php(340): CodeIgniter\CodeIgniter->handleRequest(NULL, Object(Config\Cache), false)
#9 C:\xampp\htdocs\codeigniter4-framework-b3359be\system\Boot.php(417): CodeIgniter\CodeIgniter->run()
#10 C:\xampp\htdocs\codeigniter4-framework-b3359be\system\Boot.php(68): CodeIgniter\Boot::runCodeIgniter(Object(CodeIgniter\CodeIgniter))
#11 C:\xampp\htdocs\codeigniter4-framework-b3359be\public\index.php(59): CodeIgniter\Boot::bootWeb(Object(Config\Paths))
#12 C:\xampp\htdocs\codeigniter4-framework-b3359be\system\rewrite.php(44): require_once('C:\\xampp\\htdocs...')
#13 {main}
CRITICAL - 2026-05-04 10:29:57 --> CodeIgniter\Database\Exceptions\DatabaseException: Unable to connect to the database.
Main connection [MySQLi]: Access denied for user ''@'localhost' (using password: NO)
[Method: GET, Route: auth/googleCallback]
in SYSTEMPATH\Database\BaseConnection.php on line 606.
 1 SYSTEMPATH\Database\BaseConnection.php(795): CodeIgniter\Database\BaseConnection->initialize()
 2 SYSTEMPATH\Database\BaseBuilder.php(1649): CodeIgniter\Database\BaseConnection->query('SELECT *
FROM `users`
WHERE `email` = :email:
 LIMIT 1', [...], false)
 3 SYSTEMPATH\Model.php(295): CodeIgniter\Database\BaseBuilder->get()
 4 SYSTEMPATH\BaseModel.php(714): CodeIgniter\Model->doFirst()
 5 APPPATH\Controllers\Auth.php(91): CodeIgniter\BaseModel->first()
 6 SYSTEMPATH\CodeIgniter.php(951): App\Controllers\Auth->googleCallback()
 7 SYSTEMPATH\CodeIgniter.php(497): CodeIgniter\CodeIgniter->runController(Object(App\Controllers\Auth))
 8 SYSTEMPATH\CodeIgniter.php(340): CodeIgniter\CodeIgniter->handleRequest(null, Object(Config\Cache), false)
 9 SYSTEMPATH\Boot.php(417): CodeIgniter\CodeIgniter->run()
10 SYSTEMPATH\Boot.php(68): CodeIgniter\Boot::runCodeIgniter(Object(CodeIgniter\CodeIgniter))
11 FCPATH\index.php(59): CodeIgniter\Boot::bootWeb(Object(Config\Paths))
12 SYSTEMPATH\rewrite.php(44): require_once('C:\\xampp\\htdocs\\codeigniter4-framework-b3359be\\public\\index.php')
ERROR - 2026-05-04 10:35:52 --> Error connecting to the database: mysqli_sql_exception: Access denied for user ''@'localhost' (using password: NO) in C:\xampp\htdocs\codeigniter4-framework-b3359be\system\Database\MySQLi\Connection.php:201
Stack trace:
#0 C:\xampp\htdocs\codeigniter4-framework-b3359be\system\Database\MySQLi\Connection.php(201): mysqli->real_connect('localhost', '', Object(SensitiveParameterValue), '', 3306, '', 0)
#1 C:\xampp\htdocs\codeigniter4-framework-b3359be\system\Database\BaseConnection.php(555): CodeIgniter\Database\MySQLi\Connection->connect(false)
#2 C:\xampp\htdocs\codeigniter4-framework-b3359be\system\Database\BaseConnection.php(795): CodeIgniter\Database\BaseConnection->initialize()
#3 C:\xampp\htdocs\codeigniter4-framework-b3359be\system\Database\BaseBuilder.php(1649): CodeIgniter\Database\BaseConnection->query('SELECT *\nFROM `...', Array, false)
#4 C:\xampp\htdocs\codeigniter4-framework-b3359be\system\Model.php(295): CodeIgniter\Database\BaseBuilder->get()
#5 C:\xampp\htdocs\codeigniter4-framework-b3359be\system\BaseModel.php(714): CodeIgniter\Model->doFirst()
#6 C:\xampp\htdocs\codeigniter4-framework-b3359be\app\Controllers\Auth.php(26): CodeIgniter\BaseModel->first()
#7 C:\xampp\htdocs\codeigniter4-framework-b3359be\system\CodeIgniter.php(951): App\Controllers\Auth->processLogin()
#8 C:\xampp\htdocs\codeigniter4-framework-b3359be\system\CodeIgniter.php(497): CodeIgniter\CodeIgniter->runController(Object(App\Controllers\Auth))
#9 C:\xampp\htdocs\codeigniter4-framework-b3359be\system\CodeIgniter.php(340): CodeIgniter\CodeIgniter->handleRequest(NULL, Object(Config\Cache), false)
#10 C:\xampp\htdocs\codeigniter4-framework-b3359be\system\Boot.php(417): CodeIgniter\CodeIgniter->run()
#11 C:\xampp\htdocs\codeigniter4-framework-b3359be\system\Boot.php(68): CodeIgniter\Boot::runCodeIgniter(Object(CodeIgniter\CodeIgniter))
#12 C:\xampp\htdocs\codeigniter4-framework-b3359be\public\index.php(59): CodeIgniter\Boot::bootWeb(Object(Config\Paths))
#13 C:\xampp\htdocs\codeigniter4-framework-b3359be\system\rewrite.php(44): require_once('C:\\xampp\\htdocs...')
#14 {main}

Next CodeIgniter\Database\Exceptions\DatabaseException: Access denied for user ''@'localhost' (using password: NO) in C:\xampp\htdocs\codeigniter4-framework-b3359be\system\Database\MySQLi\Connection.php:231
Stack trace:
#0 C:\xampp\htdocs\codeigniter4-framework-b3359be\system\Database\BaseConnection.php(555): CodeIgniter\Database\MySQLi\Connection->connect(false)
#1 C:\xampp\htdocs\codeigniter4-framework-b3359be\system\Database\BaseConnection.php(795): CodeIgniter\Database\BaseConnection->initialize()
#2 C:\xampp\htdocs\codeigniter4-framework-b3359be\system\Database\BaseBuilder.php(1649): CodeIgniter\Database\BaseConnection->query('SELECT *\nFROM `...', Array, false)
#3 C:\xampp\htdocs\codeigniter4-framework-b3359be\system\Model.php(295): CodeIgniter\Database\BaseBuilder->get()
#4 C:\xampp\htdocs\codeigniter4-framework-b3359be\system\BaseModel.php(714): CodeIgniter\Model->doFirst()
#5 C:\xampp\htdocs\codeigniter4-framework-b3359be\app\Controllers\Auth.php(26): CodeIgniter\BaseModel->first()
#6 C:\xampp\htdocs\codeigniter4-framework-b3359be\system\CodeIgniter.php(951): App\Controllers\Auth->processLogin()
#7 C:\xampp\htdocs\codeigniter4-framework-b3359be\system\CodeIgniter.php(497): CodeIgniter\CodeIgniter->runController(Object(App\Controllers\Auth))
#8 C:\xampp\htdocs\codeigniter4-framework-b3359be\system\CodeIgniter.php(340): CodeIgniter\CodeIgniter->handleRequest(NULL, Object(Config\Cache), false)
#9 C:\xampp\htdocs\codeigniter4-framework-b3359be\system\Boot.php(417): CodeIgniter\CodeIgniter->run()
#10 C:\xampp\htdocs\codeigniter4-framework-b3359be\system\Boot.php(68): CodeIgniter\Boot::runCodeIgniter(Object(CodeIgniter\CodeIgniter))
#11 C:\xampp\htdocs\codeigniter4-framework-b3359be\public\index.php(59): CodeIgniter\Boot::bootWeb(Object(Config\Paths))
#12 C:\xampp\htdocs\codeigniter4-framework-b3359be\system\rewrite.php(44): require_once('C:\\xampp\\htdocs...')
#13 {main}
CRITICAL - 2026-05-04 10:35:52 --> CodeIgniter\Database\Exceptions\DatabaseException: Unable to connect to the database.
Main connection [MySQLi]: Access denied for user ''@'localhost' (using password: NO)
[Method: POST, Route: login/process]
in SYSTEMPATH\Database\BaseConnection.php on line 606.
 1 SYSTEMPATH\Database\BaseConnection.php(795): CodeIgniter\Database\BaseConnection->initialize()
 2 SYSTEMPATH\Database\BaseBuilder.php(1649): CodeIgniter\Database\BaseConnection->query('SELECT *
FROM `users`
WHERE `email` = :email:
OR `username` = :username:
 LIMIT 1', [...], false)
 3 SYSTEMPATH\Model.php(295): CodeIgniter\Database\BaseBuilder->get()
 4 SYSTEMPATH\BaseModel.php(714): CodeIgniter\Model->doFirst()
 5 APPPATH\Controllers\Auth.php(26): CodeIgniter\BaseModel->first()
 6 SYSTEMPATH\CodeIgniter.php(951): App\Controllers\Auth->processLogin()
 7 SYSTEMPATH\CodeIgniter.php(497): CodeIgniter\CodeIgniter->runController(Object(App\Controllers\Auth))
 8 SYSTEMPATH\CodeIgniter.php(340): CodeIgniter\CodeIgniter->handleRequest(null, Object(Config\Cache), false)
 9 SYSTEMPATH\Boot.php(417): CodeIgniter\CodeIgniter->run()
10 SYSTEMPATH\Boot.php(68): CodeIgniter\Boot::runCodeIgniter(Object(CodeIgniter\CodeIgniter))
11 FCPATH\index.php(59): CodeIgniter\Boot::bootWeb(Object(Config\Paths))
12 SYSTEMPATH\rewrite.php(44): require_once('C:\\xampp\\htdocs\\codeigniter4-framework-b3359be\\public\\index.php')
